ReferenceError: msg is not defined
    at Promise (/home/greenham/projects/OhGodMusicBot/server.js:65:63)
    at Object.join (/home/greenham/projects/OhGodMusicBot/server.js:63:10)
    at Client.client.on (/home/greenham/projects/OhGodMusicBot/server.js:98:11)
    at emitNone (events.js:91:20)
    at Client.emit (events.js:185:7)
    at WebSocketManager._emitReady (/home/greenham/projects/OhGodMusicBot/node_modules/discord.js/src/client/websocket/WebSocketManager.js:325:17)
    at WebSocketManager.checkIfReady (/home/greenham/projects/OhGodMusicBot/node_modules/discord.js/src/client/websocket/WebSocketManager.js:351:14)
    at WebSocketPacketManager.handle (/home/greenham/projects/OhGodMusicBot/node_modules/discord.js/src/client/websocket/packets/WebSocketPacketManager.js:106:15)
    at queue.forEach (/home/greenham/projects/OhGodMusicBot/node_modules/discord.js/src/client/websocket/packets/WebSocketPacketManager.js:64:12)
    at Array.forEach (native)
/home/greenham/projects/OhGodMusicBot/server.js:114
    originalMessage.member.createDM()
                           ^

TypeError: originalMessage.member.createDM is not a function
    at dmUser (/home/greenham/projects/OhGodMusicBot/server.js:114:28)
    at MessageCollector.collector.on.m (/home/greenham/projects/OhGodMusicBot/server.js:47:6)
    at emitTwo (events.js:106:13)
    at MessageCollector.emit (events.js:191:7)
    at MessageCollector.verify (/home/greenham/projects/OhGodMusicBot/node_modules/discord.js/src/structures/MessageCollector.js:89:12)
    at Client.MessageCollector.listener.message (/home/greenham/projects/OhGodMusicBot/node_modules/discord.js/src/structures/MessageCollector.js:68:37)
    at emitOne (events.js:101:20)
    at Client.emit (events.js:188:7)
    at MessageCreateHandler.handle (/home/greenham/projects/OhGodMusicBot/node_modules/discord.js/src/client/websocket/packets/handlers/MessageCreate.js:9:34)
    at WebSocketPacketManager.handle (/home/greenham/projects/OhGodMusicBot/node_modules/discord.js/src/client/websocket/packets/WebSocketPacketManager.js:120:65)
/home/greenham/projects/OhGodMusicBot/server.js:115
    originalMessage.author.createDM()
                           ^

TypeError: originalMessage.author.createDM is not a function
    at dmUser (/home/greenham/projects/OhGodMusicBot/server.js:115:28)
    at MessageCollector.collector.on.m (/home/greenham/projects/OhGodMusicBot/server.js:47:6)
    at emitTwo (events.js:106:13)
    at MessageCollector.emit (events.js:191:7)
    at MessageCollector.verify (/home/greenham/projects/OhGodMusicBot/node_modules/discord.js/src/structures/MessageCollector.js:89:12)
    at Client.MessageCollector.listener.message (/home/greenham/projects/OhGodMusicBot/node_modules/discord.js/src/structures/MessageCollector.js:68:37)
    at emitOne (events.js:101:20)
    at Client.emit (events.js:188:7)
    at MessageCreateHandler.handle (/home/greenham/projects/OhGodMusicBot/node_modules/discord.js/src/client/websocket/packets/handlers/MessageCreate.js:9:34)
    at WebSocketPacketManager.handle (/home/greenham/projects/OhGodMusicBot/node_modules/discord.js/src/client/websocket/packets/WebSocketPacketManager.js:120:65)
